<?xml version="1.0" encoding="UTF-8"?>
<!-- Generated by org.testng.reporters.JUnitXMLReporter -->
<testsuite ignored="2" hostname="deepak-pc" failures="1" tests="3" name="WednesdaySheetTest" time="341.627" errors="0" timestamp="10 Sep 2025 06:56:24 GMT">
  <testcase classname="tests.WednesdaySheetTest" name="verifyCreateBidOfferWithSingleStoneAndAcceptFromSeller" time="110.791"/>
  <testcase classname="tests.WednesdaySheetTest" name="verifyCreateBidOfferWithSingleStoneAndRejectFromSeller" time="94.495"/>
  <testcase classname="tests.WednesdaySheetTest" name="VerifyAddQcAndCreateOrderWithQCAndNonQCStone" time="126.801">
    <failure type="org.openqa.selenium.TimeoutException" message="Expected condition failed: waiting for visibility of element located by By.cssSelector: [class=&amp;apos;checkboxArea&amp;apos;] [for=&amp;apos;term1&amp;apos;] (tried for 30 second(s) with 500 milliseconds interval)
Build info: version: &amp;apos;4.1.3&amp;apos;, revision: &amp;apos;7b1ebf28ef&amp;apos;
System info: host: &amp;apos;deepak-pc&amp;apos;, ip: &amp;apos;192.168.50.252&amp;apos;, os.name: &amp;apos;Linux&amp;apos;, os.arch: &amp;apos;amd64&amp;apos;, os.version: &amp;apos;6.11.0-29-generic&amp;apos;, java.version: &amp;apos;21.0.7&amp;apos;
Driver info: org.openqa.selenium.chrome.ChromeDriver
Capabilities {acceptInsecureCerts: false, browserName: chrome, browserVersion: 139.0.7258.66, chrome: {chromedriverVersion: 139.0.7258.154 (9e0d6b2b47f..., userDataDir: /tmp/.org.chromium.Chromium...}, fedcm:accounts: true, goog:chromeOptions: {debuggerAddress: localhost:38655}, javascriptEnabled: true, networkConnectionEnabled: false, pageLoadStrategy: normal, platform: LINUX, platformName: LINUX, proxy: Proxy(), se:cdp: ws://localhost:38655/devtoo..., se:cdpVersion: 139.0.7258.66, setWindowRect: true, strictFileInteractability: false, timeouts: {implicit: 0, pageLoad: 300000, script: 30000}, unhandledPromptBehavior: dismiss and notify, webauthn:extension:credBlob: true, webauthn:extension:largeBlob: true, webauthn:extension:minPinLength: true, webauthn:extension:prf: true, webauthn:virtualAuthenticators: true}
Session ID: 0215b814cce1a8f62cacc0eaaa3b3131">
      <![CDATA[org.openqa.selenium.TimeoutException: Expected condition failed: waiting for visibility of element located by By.cssSelector: [class='checkboxArea'] [for='term1'] (tried for 30 second(s) with 500 milliseconds interval)
Build info: version: '4.1.3', revision: '7b1ebf28ef'
System info: host: 'deepak-pc', ip: '192.168.50.252', os.name: 'Linux', os.arch: 'amd64', os.version: '6.11.0-29-generic', java.version: '21.0.7'
Driver info: org.openqa.selenium.chrome.ChromeDriver
Capabilities {acceptInsecureCerts: false, browserName: chrome, browserVersion: 139.0.7258.66, chrome: {chromedriverVersion: 139.0.7258.154 (9e0d6b2b47f..., userDataDir: /tmp/.org.chromium.Chromium...}, fedcm:accounts: true, goog:chromeOptions: {debuggerAddress: localhost:38655}, javascriptEnabled: true, networkConnectionEnabled: false, pageLoadStrategy: normal, platform: LINUX, platformName: LINUX, proxy: Proxy(), se:cdp: ws://localhost:38655/devtoo..., se:cdpVersion: 139.0.7258.66, setWindowRect: true, strictFileInteractability: false, timeouts: {implicit: 0, pageLoad: 300000, script: 30000}, unhandledPromptBehavior: dismiss and notify, webauthn:extension:credBlob: true, webauthn:extension:largeBlob: true, webauthn:extension:minPinLength: true, webauthn:extension:prf: true, webauthn:virtualAuthenticators: true}
Session ID: 0215b814cce1a8f62cacc0eaaa3b3131
at org.openqa.selenium.support.ui.WebDriverWait.timeoutException(WebDriverWait.java:87)
at org.openqa.selenium.support.ui.FluentWait.until(FluentWait.java:231)
at utils.ElementUtils.waitForElementVisible(ElementUtils.java:236)
at pages.PaymentDetailsPage.clickOnTermsConditions(PaymentDetailsPage.java:31)
at tests.WednesdaySheetTest.VerifyAddQcAndCreateOrderWithQCAndNonQCStone(WednesdaySheetTest.java:181)
... Removed 23 stack frames]]>
    </failure>
  </testcase> <!-- VerifyAddQcAndCreateOrderWithQCAndNonQCStone -->
  <testcase classname="tests.WednesdaySheetTest" name="verifyCreateMemoOfferWithSingleStoneAndRejectFromSeller" time="0.0">
    <ignored/>
  </testcase> <!-- verifyCreateMemoOfferWithSingleStoneAndRejectFromSeller -->
  <testcase classname="tests.WednesdaySheetTest" name="verifyCreateMemoOfferWithSingleStoneAndAcceptFromSeller" time="0.0">
    <ignored/>
  </testcase> <!-- verifyCreateMemoOfferWithSingleStoneAndAcceptFromSeller -->
</testsuite> <!-- WednesdaySheetTest -->
